<?xml version="1.0" encoding="UTF-8"?>
<!-- Generated by org.testng.reporters.JUnitXMLReporter -->
<testsuite ignored="0" hostname="DESKTOP-59SJ842" failures="2" tests="14" name="Different testng Feature Test" time="36.077" errors="0" timestamp="2022-03-05T13:47:16 IST">
  <testcase classname="test.GoogleTest" name="googleTitleTest" time="0.032"/>
  <testcase classname="test.GoogleTest" name="googleLogoTest" time="0.113"/>
  <testcase classname="test.GoogleTest" name="test1" time="0.002"/>
  <testcase classname="test.GoogleTest" name="test2" time="0.002"/>
  <testcase classname="test.GoogleTest" name="test3" time="0.001"/>
  <testcase classname="test.InvocationCountTest" name="sum" time="0.001"/>
  <testcase classname="test.InvocationCountTest" name="sum" time="0.002"/>
  <testcase classname="test.InvocationCountTest" name="sum" time="0.002"/>
  <testcase classname="test.InvocationCountTest" name="sum" time="0.002"/>
  <testcase classname="test.InvocationCountTest" name="sum" time="0.003"/>
  <testcase classname="test.TestNgFeatures" name="SearchPageTest" time="0.002"/>
  <testcase classname="test.TestNgFeatures" name="loginTest" time="0.001">
    <failure type="java.lang.ArithmeticException" message="/ by zero">
      <![CDATA[java.lang.ArithmeticException: / by zero
at test.TestNgFeatures.loginTest(TestNgFeatures.java:9)
at java.base/java.util.ArrayList.forEach(ArrayList.java:1511)
... Removed 27 stack frames]]>
    </failure>
  </testcase> <!-- loginTest -->
  <testcase classname="test.TestNgFeatures" name="HomePageTest" time="0.0">
    <skipped/>
  </testcase> <!-- HomePageTest -->
  <testcase classname="test.ExceptionTimeOutTest" name="infiniteLoopTest" time="2.022">
    <failure type="org.testng.internal.thread.ThreadTimeoutException" message="Method test.ExceptionTimeOutTest.infiniteLoopTest() didn&amp;apos;t finish within the time-out 2000">
      <![CDATA[org.testng.internal.thread.ThreadTimeoutException: Method test.ExceptionTimeOutTest.infiniteLoopTest() didn't finish within the time-out 2000
at java.base/java.util.ArrayList.forEach(ArrayList.java:1511)
... Removed 24 stack frames]]>
    </failure>
  </testcase> <!-- infiniteLoopTest -->
</testsuite> <!-- Different testng Feature Test -->
