<?xml version="1.0" encoding="UTF-8"?>
<!-- Generated by org.testng.reporters.JUnitXMLReporter -->
<testsuite ignored="0" hostname="Santosh-Sharma" failures="1" tests="1" name="Test" time="5.307" errors="0" timestamp="2022-06-22T15:43:47 IST">
  <testcase classname="com.qa.test.RoundTrip" name="initialize" time="5.278">
    <failure type="org.openqa.selenium.ElementClickInterceptedException" message="element click intercepted: Element &amp;lt;span class=&amp;quot;radio__circle bs-border bc-neutral-500 bw-1 ba&amp;quot; style=&amp;quot;width: 16px; height: 16px;&amp;quot;&amp;gt;&amp;lt;/span&amp;gt; is not clickable at point (948, 195). Other element would receive the click: &amp;lt;div class=&amp;quot;p-fixed l-0 r-0 b-0 t-0 flex flex-center flex-middle z-70&amp;quot; style=&amp;quot;background-color: rgba(0, 0, 0, 0.2); z-index: 10000;&amp;quot;&amp;gt;...&amp;lt;/div&amp;gt;
  (Session info: chrome=102.0.5005.115)
Build info: version: &amp;apos;4.1.0&amp;apos;, revision: &amp;apos;87802e897b&amp;apos;
System info: host: &amp;apos;SANTOSH-SHARMA&amp;apos;, ip: &amp;apos;192.168.1.2&amp;apos;, os.name: &amp;apos;Windows 11&amp;apos;, os.arch: &amp;apos;amd64&amp;apos;, os.version: &amp;apos;10.0&amp;apos;, java.version: &amp;apos;17.0.2&amp;apos;
Driver info: org.openqa.selenium.chrome.ChromeDriver
Command: [11c83d4b69dd2ff036aa8f345d7c3950, clickElement {id=baf50b90-1be5-45d6-a6cb-cadb13000ed7}]
Capabilities {acceptInsecureCerts: false, browserName: chrome, browserVersion: 102.0.5005.115, chrome: {chromedriverVersion: 101.0.4951.41 (93c720db8323..., userDataDir: C:\Users\santo\AppData\Loca...}, goog:chromeOptions: {debuggerAddress: localhost:53416}, javascriptEnabled: true, networkConnectionEnabled: false, pageLoadStrategy: normal, platform: WINDOWS, platformName: WINDOWS, proxy: Proxy(), se:cdp: ws://localhost:53416/devtoo..., se:cdpVersion: 102.0.5005.115, setWindowRect: true, strictFileInteractability: false, timeouts: {implicit: 0, pageLoad: 300000, script: 30000}, unhandledPromptBehavior: dismiss and notify, webauthn:extension:credBlob: true, webauthn:extension:largeBlob: true, webauthn:virtualAuthenticators: true}
Element: [[ChromeDriver: chrome on WINDOWS (11c83d4b69dd2ff036aa8f345d7c3950)] -&amp;gt; xpath: //label[2]//div[1]//span[1]]
Session ID: 11c83d4b69dd2ff036aa8f345d7c3950">
      <![CDATA[org.openqa.selenium.ElementClickInterceptedException: element click intercepted: Element <span class="radio__circle bs-border bc-neutral-500 bw-1 ba" style="width: 16px; height: 16px;"></span> is not clickable at point (948, 195). Other element would receive the click: <div class="p-fixed l-0 r-0 b-0 t-0 flex flex-center flex-middle z-70" style="background-color: rgba(0, 0, 0, 0.2); z-index: 10000;">...</div>
  (Session info: chrome=102.0.5005.115)
Build info: version: '4.1.0', revision: '87802e897b'
System info: host: 'SANTOSH-SHARMA', ip: '192.168.1.2', os.name: 'Windows 11', os.arch: 'amd64', os.version: '10.0', java.version: '17.0.2'
Driver info: org.openqa.selenium.chrome.ChromeDriver
Command: [11c83d4b69dd2ff036aa8f345d7c3950, clickElement {id=baf50b90-1be5-45d6-a6cb-cadb13000ed7}]
Capabilities {acceptInsecureCerts: false, browserName: chrome, browserVersion: 102.0.5005.115, chrome: {chromedriverVersion: 101.0.4951.41 (93c720db8323..., userDataDir: C:\Users\santo\AppData\Loca...}, goog:chromeOptions: {debuggerAddress: localhost:53416}, javascriptEnabled: true, networkConnectionEnabled: false, pageLoadStrategy: normal, platform: WINDOWS, platformName: WINDOWS, proxy: Proxy(), se:cdp: ws://localhost:53416/devtoo..., se:cdpVersion: 102.0.5005.115, setWindowRect: true, strictFileInteractability: false, timeouts: {implicit: 0, pageLoad: 300000, script: 30000}, unhandledPromptBehavior: dismiss and notify, webauthn:extension:credBlob: true, webauthn:extension:largeBlob: true, webauthn:virtualAuthenticators: true}
Element: [[ChromeDriver: chrome on WINDOWS (11c83d4b69dd2ff036aa8f345d7c3950)] -> xpath: //label[2]//div[1]//span[1]]
Session ID: 11c83d4b69dd2ff036aa8f345d7c3950
at org.openqa.selenium.remote.codec.w3c.W3CHttpResponseCodec.createException(W3CHttpResponseCodec.java:200)
at org.openqa.selenium.remote.codec.w3c.W3CHttpResponseCodec.decode(W3CHttpResponseCodec.java:133)
at org.openqa.selenium.remote.codec.w3c.W3CHttpResponseCodec.decode(W3CHttpResponseCodec.java:53)
at org.openqa.selenium.remote.HttpCommandExecutor.execute(HttpCommandExecutor.java:184)
at org.openqa.selenium.remote.service.DriverCommandExecutor.invokeExecute(DriverCommandExecutor.java:164)
at org.openqa.selenium.remote.service.DriverCommandExecutor.execute(DriverCommandExecutor.java:139)
at org.openqa.selenium.remote.RemoteWebDriver.execute(RemoteWebDriver.java:559)
at org.openqa.selenium.remote.RemoteWebElement.execute(RemoteWebElement.java:251)
at org.openqa.selenium.remote.RemoteWebElement.click(RemoteWebElement.java:77)
at com.qa.test.RoundTrip.initialize(RoundTrip.java:21)
at java.base/java.util.ArrayList.forEach(ArrayList.java:1511)
... Removed 32 stack frames]]>
    </failure>
  </testcase> <!-- initialize -->
</testsuite> <!-- Test -->
