<?xml version="1.0" encoding="UTF-8"?>
<testng-results ignored="0" total="3" passed="1" failed="2" skipped="0">
  <reporter-output>
  </reporter-output>
  <suite started-at="2022-06-01T00:12:25 IST" name="Suite" finished-at="2022-06-01T00:12:36 IST" duration-ms="10484">
    <groups>
    </groups>
    <test started-at="2022-06-01T00:12:25 IST" name="my hub spot test chrome" finished-at="2022-06-01T00:12:36 IST" duration-ms="10484">
      <class name="com.MyTests.LoginTest">
        <test-method is-config="true" signature="setUpTest(java.lang.String)[pri:0, instance:com.MyTests.LoginTest@25084a1e]" started-at="2022-06-01T00:12:25 IST" name="setUpTest" finished-at="2022-06-01T00:12:35 IST" duration-ms="10077" status="PASS">
          <params>
            <param index="0">
              <value>
                <![CDATA[chrome]]>
              </value>
            </param>
          </params>
          <reporter-output>
          </reporter-output>
        </test-method> <!-- setUpTest -->
        <test-method is-config="true" signature="setUpTest(java.lang.String)[pri:0, instance:com.MyTests.LoginTest@25084a1e]" started-at="2022-06-01T00:12:25 IST" name="setUpTest" finished-at="2022-06-01T00:12:35 IST" duration-ms="9830" status="PASS">
          <params>
            <param index="0">
              <value>
                <![CDATA[chrome]]>
              </value>
            </param>
          </params>
          <reporter-output>
          </reporter-output>
        </test-method> <!-- setUpTest -->
        <test-method is-config="true" signature="setUpTest(java.lang.String)[pri:0, instance:com.MyTests.LoginTest@25084a1e]" started-at="2022-06-01T00:12:25 IST" name="setUpTest" finished-at="2022-06-01T00:12:36 IST" duration-ms="10238" status="PASS">
          <params>
            <param index="0">
              <value>
                <![CDATA[chrome]]>
              </value>
            </param>
          </params>
          <reporter-output>
          </reporter-output>
        </test-method> <!-- setUpTest -->
        <test-method signature="doLoginTest()[pri:3, instance:com.MyTests.LoginTest@25084a1e]" started-at="2022-06-01T00:12:35 IST" name="doLoginTest" finished-at="2022-06-01T00:12:36 IST" duration-ms="616" status="FAIL">
          <exception class="java.lang.NullPointerException">
            <message>
              <![CDATA[Cannot invoke "org.openqa.selenium.WebElement.click()" because the return value of "com.mypages.LoginPage.getLoginButton()" is null]]>
            </message>
            <full-stacktrace>
              <![CDATA[java.lang.NullPointerException: Cannot invoke "org.openqa.selenium.WebElement.click()" because the return value of "com.mypages.LoginPage.getLoginButton()" is null
at com.mypages.LoginPage.doLogin(LoginPage.java:50)
at com.MyTests.LoginTest.doLoginTest(LoginTest.java:28)
at java.base/jdk.internal.reflect.NativeMethodAccessorImpl.invoke0(Native Method)
at java.base/jdk.internal.reflect.NativeMethodAccessorImpl.invoke(NativeMethodAccessorImpl.java:77)
at java.base/jdk.internal.reflect.DelegatingMethodAccessorImpl.invoke(DelegatingMethodAccessorImpl.java:43)
at java.base/java.lang.reflect.Method.invoke(Method.java:568)
at org.testng.internal.MethodInvocationHelper.invokeMethod(MethodInvocationHelper.java:133)
at org.testng.internal.TestInvoker.invokeMethod(TestInvoker.java:598)
at org.testng.internal.TestInvoker.invokeTestMethod(TestInvoker.java:173)
at org.testng.internal.MethodRunner.runInSequence(MethodRunner.java:46)
at org.testng.internal.TestInvoker$MethodInvocationAgent.invoke(TestInvoker.java:824)
at org.testng.internal.TestInvoker.invokeTestMethods(TestInvoker.java:146)
at org.testng.internal.TestMethodWorker.invokeTestMethods(TestMethodWorker.java:146)
at org.testng.internal.TestMethodWorker.run(TestMethodWorker.java:128)
at java.base/java.util.concurrent.ThreadPoolExecutor.runWorker(ThreadPoolExecutor.java:1136)
at java.base/java.util.concurrent.ThreadPoolExecutor$Worker.run(ThreadPoolExecutor.java:635)
at java.base/java.lang.Thread.run(Thread.java:833)
]]>
            </full-stacktrace>
          </exception> <!-- java.lang.NullPointerException -->
          <reporter-output>
          </reporter-output>
        </test-method> <!-- doLoginTest -->
        <test-method signature="verifyLoginPageTitleTest()[pri:1, instance:com.MyTests.LoginTest@25084a1e]" started-at="2022-06-01T00:12:35 IST" name="verifyLoginPageTitleTest" finished-at="2022-06-01T00:12:36 IST" duration-ms="24" status="PASS">
          <reporter-output>
          </reporter-output>
        </test-method> <!-- verifyLoginPageTitleTest -->
        <test-method is-config="true" signature="tearDown()[pri:0, instance:com.MyTests.LoginTest@25084a1e]" started-at="2022-06-01T00:12:36 IST" name="tearDown" finished-at="2022-06-01T00:12:36 IST" duration-ms="348" status="PASS">
          <reporter-output>
          </reporter-output>
        </test-method> <!-- tearDown -->
        <test-method signature="LoginPageHeaderTest()[pri:2, instance:com.MyTests.LoginTest@25084a1e]" started-at="2022-06-01T00:12:36 IST" name="LoginPageHeaderTest" finished-at="2022-06-01T00:12:36 IST" duration-ms="206" status="FAIL">
          <exception class="java.lang.NullPointerException">
            <message>
              <![CDATA[Cannot invoke "org.openqa.selenium.WebElement.getText()" because the return value of "com.mypages.BasePage.getElement(org.openqa.selenium.By)" is null]]>
            </message>
            <full-stacktrace>
              <![CDATA[java.lang.NullPointerException: Cannot invoke "org.openqa.selenium.WebElement.getText()" because the return value of "com.mypages.BasePage.getElement(org.openqa.selenium.By)" is null
at com.mypages.BasePage.getPageHeader(BasePage.java:22)
at com.mypages.LoginPage.getLoginPageHeader(LoginPage.java:44)
at com.MyTests.LoginTest.LoginPageHeaderTest(LoginTest.java:21)
at java.base/jdk.internal.reflect.NativeMethodAccessorImpl.invoke0(Native Method)
at java.base/jdk.internal.reflect.NativeMethodAccessorImpl.invoke(NativeMethodAccessorImpl.java:77)
at java.base/jdk.internal.reflect.DelegatingMethodAccessorImpl.invoke(DelegatingMethodAccessorImpl.java:43)
at java.base/java.lang.reflect.Method.invoke(Method.java:568)
at org.testng.internal.MethodInvocationHelper.invokeMethod(MethodInvocationHelper.java:133)
at org.testng.internal.TestInvoker.invokeMethod(TestInvoker.java:598)
at org.testng.internal.TestInvoker.invokeTestMethod(TestInvoker.java:173)
at org.testng.internal.MethodRunner.runInSequence(MethodRunner.java:46)
at org.testng.internal.TestInvoker$MethodInvocationAgent.invoke(TestInvoker.java:824)
at org.testng.internal.TestInvoker.invokeTestMethods(TestInvoker.java:146)
at org.testng.internal.TestMethodWorker.invokeTestMethods(TestMethodWorker.java:146)
at org.testng.internal.TestMethodWorker.run(TestMethodWorker.java:128)
at java.base/java.util.concurrent.ThreadPoolExecutor.runWorker(ThreadPoolExecutor.java:1136)
at java.base/java.util.concurrent.ThreadPoolExecutor$Worker.run(ThreadPoolExecutor.java:635)
at java.base/java.lang.Thread.run(Thread.java:833)
]]>
            </full-stacktrace>
          </exception> <!-- java.lang.NullPointerException -->
          <reporter-output>
          </reporter-output>
        </test-method> <!-- LoginPageHeaderTest -->
        <test-method is-config="true" signature="tearDown()[pri:0, instance:com.MyTests.LoginTest@25084a1e]" started-at="2022-06-01T00:12:36 IST" name="tearDown" finished-at="2022-06-01T00:12:36 IST" duration-ms="2" status="PASS">
          <reporter-output>
          </reporter-output>
        </test-method> <!-- tearDown -->
        <test-method is-config="true" signature="tearDown()[pri:0, instance:com.MyTests.LoginTest@25084a1e]" started-at="2022-06-01T00:12:36 IST" name="tearDown" finished-at="2022-06-01T00:12:36 IST" duration-ms="1" status="PASS">
          <reporter-output>
          </reporter-output>
        </test-method> <!-- tearDown -->
      </class> <!-- com.MyTests.LoginTest -->
    </test> <!-- my hub spot test chrome -->
  </suite> <!-- Suite -->
</testng-results>
