<?xml version="1.0" encoding="UTF-8"?>
<!-- Generated by org.testng.reporters.JUnitReportReporter -->
<testsuite hostname="Santosh-Sharma" failures="0" tests="4" name="com.MyTests.LoginTest" time="-1655805568.000" errors="1" timestamp="2022-06-21T15:29:15 IST" skipped="3">
  <testcase classname="com.MyTests.LoginTest" name="setUpTest" time="-1655805568.000">
    <error message="
Parameter &#039;browser&#039; is required by BeforeMethod on method setUpTest but has not been marked @Optional or defined
in C:\Users\santo\AppData\Local\Temp\testng-eclipse--1318842602\testng-customsuite.xml" type="org.testng.TestNGException">
      <![CDATA[org.testng.TestNGException: 
Parameter 'browser' is required by BeforeMethod on method setUpTest but has not been marked @Optional or defined
in C:\Users\santo\AppData\Local\Temp\testng-eclipse--1318842602\testng-customsuite.xml
at org.testng.internal.Parameters.createParams(Parameters.java:270)
at org.testng.internal.Parameters.createParametersForMethod(Parameters.java:358)
at org.testng.internal.Parameters.createParameters(Parameters.java:700)
at org.testng.internal.Parameters.createConfigurationParameters(Parameters.java:168)
at org.testng.internal.ConfigInvoker.invokeConfigurations(ConfigInvoker.java:302)
at org.testng.internal.TestInvoker.runConfigMethods(TestInvoker.java:700)
at org.testng.internal.TestInvoker.invokeMethod(TestInvoker.java:527)
at org.testng.internal.TestInvoker.invokeTestMethod(TestInvoker.java:173)
at org.testng.internal.MethodRunner.runInSequence(MethodRunner.java:46)
at org.testng.internal.TestInvoker$MethodInvocationAgent.invoke(TestInvoker.java:824)
at org.testng.internal.TestInvoker.invokeTestMethods(TestInvoker.java:146)
at org.testng.internal.TestMethodWorker.invokeTestMethods(TestMethodWorker.java:146)
at org.testng.internal.TestMethodWorker.run(TestMethodWorker.java:128)
at java.base/java.util.ArrayList.forEach(ArrayList.java:1511)
at org.testng.TestRunner.privateRun(TestRunner.java:794)
at org.testng.TestRunner.run(TestRunner.java:596)
at org.testng.SuiteRunner.runTest(SuiteRunner.java:377)
at org.testng.SuiteRunner.runSequentially(SuiteRunner.java:371)
at org.testng.SuiteRunner.privateRun(SuiteRunner.java:332)
at org.testng.SuiteRunner.run(SuiteRunner.java:276)
at org.testng.SuiteRunnerWorker.runSuite(SuiteRunnerWorker.java:53)
at org.testng.SuiteRunnerWorker.run(SuiteRunnerWorker.java:96)
at org.testng.TestNG.runSuitesSequentially(TestNG.java:1212)
at org.testng.TestNG.runSuitesLocally(TestNG.java:1134)
at org.testng.TestNG.runSuites(TestNG.java:1063)
at org.testng.TestNG.run(TestNG.java:1031)
at org.testng.remote.AbstractRemoteTestNG.run(AbstractRemoteTestNG.java:115)
at org.testng.remote.RemoteTestNG.initAndRun(RemoteTestNG.java:251)
at org.testng.remote.RemoteTestNG.main(RemoteTestNG.java:77)
]]>
    </error>
  </testcase> <!-- setUpTest -->
  <system-out/>
  <testcase classname="com.MyTests.LoginTest" name="verifyLoginPageTitleTest" time="0.000">
    <skipped/>
  </testcase> <!-- verifyLoginPageTitleTest -->
  <system-out/>
  <testcase classname="com.MyTests.LoginTest" name="LoginPageHeaderTest" time="0.000">
    <skipped/>
  </testcase> <!-- LoginPageHeaderTest -->
  <system-out/>
  <testcase classname="com.MyTests.LoginTest" name="doLoginTest" time="0.000">
    <skipped/>
  </testcase> <!-- doLoginTest -->
  <system-out/>
</testsuite> <!-- com.MyTests.LoginTest -->
